analyze -format sverilog {   adder.sv   flopr.sv   imm_Gen.sv   mux2.sv   mux4.sv   datamemory.sv   instructionmemory.sv   ALUController.sv   alu.sv   RegFile.sv   Controller.sv   BranchUnit.sv   RegPack.sv   ForwardingUnit.sv   HazardDetection.sv   Datapath.sv   RISC_V.sv }
Running PRESTO HDLC
Searching for ./adder.sv
Searching for /ecelib/linware/synopsys15/dc/libraries/syn/adder.sv
Searching for /ecelib/linware/synopsys15/dc/packages/adder.sv
Searching for /ecelib/linware/synopsys15/dc/packages/IEEE/adder.sv
Searching for /users/ugrad2/2012/spring/pooriam/libraries/adder.sv
Searching for /users/ugrad/2017/fall/yubb/EECS112L/Labs/Lab4/Lab_Files/design/adder.sv
Searching for ./flopr.sv
Searching for /ecelib/linware/synopsys15/dc/libraries/syn/flopr.sv
Searching for /ecelib/linware/synopsys15/dc/packages/flopr.sv
Searching for /ecelib/linware/synopsys15/dc/packages/IEEE/flopr.sv
Searching for /users/ugrad2/2012/spring/pooriam/libraries/flopr.sv
Searching for /users/ugrad/2017/fall/yubb/EECS112L/Labs/Lab4/Lab_Files/design/flopr.sv
Searching for ./imm_Gen.sv
Searching for /ecelib/linware/synopsys15/dc/libraries/syn/imm_Gen.sv
Searching for /ecelib/linware/synopsys15/dc/packages/imm_Gen.sv
Searching for /ecelib/linware/synopsys15/dc/packages/IEEE/imm_Gen.sv
Searching for /users/ugrad2/2012/spring/pooriam/libraries/imm_Gen.sv
Searching for /users/ugrad/2017/fall/yubb/EECS112L/Labs/Lab4/Lab_Files/design/imm_Gen.sv
Searching for ./mux2.sv
Searching for /ecelib/linware/synopsys15/dc/libraries/syn/mux2.sv
Searching for /ecelib/linware/synopsys15/dc/packages/mux2.sv
Searching for /ecelib/linware/synopsys15/dc/packages/IEEE/mux2.sv
Searching for /users/ugrad2/2012/spring/pooriam/libraries/mux2.sv
Searching for /users/ugrad/2017/fall/yubb/EECS112L/Labs/Lab4/Lab_Files/design/mux2.sv
Searching for ./mux4.sv
Searching for /ecelib/linware/synopsys15/dc/libraries/syn/mux4.sv
Searching for /ecelib/linware/synopsys15/dc/packages/mux4.sv
Searching for /ecelib/linware/synopsys15/dc/packages/IEEE/mux4.sv
Searching for /users/ugrad2/2012/spring/pooriam/libraries/mux4.sv
Searching for /users/ugrad/2017/fall/yubb/EECS112L/Labs/Lab4/Lab_Files/design/mux4.sv
Searching for ./datamemory.sv
Searching for /ecelib/linware/synopsys15/dc/libraries/syn/datamemory.sv
Searching for /ecelib/linware/synopsys15/dc/packages/datamemory.sv
Searching for /ecelib/linware/synopsys15/dc/packages/IEEE/datamemory.sv
Searching for /users/ugrad2/2012/spring/pooriam/libraries/datamemory.sv
Searching for /users/ugrad/2017/fall/yubb/EECS112L/Labs/Lab4/Lab_Files/design/datamemory.sv
Searching for ./instructionmemory.sv
Searching for /ecelib/linware/synopsys15/dc/libraries/syn/instructionmemory.sv
Searching for /ecelib/linware/synopsys15/dc/packages/instructionmemory.sv
Searching for /ecelib/linware/synopsys15/dc/packages/IEEE/instructionmemory.sv
Searching for /users/ugrad2/2012/spring/pooriam/libraries/instructionmemory.sv
Searching for /users/ugrad/2017/fall/yubb/EECS112L/Labs/Lab4/Lab_Files/design/instructionmemory.sv
Searching for ./ALUController.sv
Searching for /ecelib/linware/synopsys15/dc/libraries/syn/ALUController.sv
Searching for /ecelib/linware/synopsys15/dc/packages/ALUController.sv
Searching for /ecelib/linware/synopsys15/dc/packages/IEEE/ALUController.sv
Searching for /users/ugrad2/2012/spring/pooriam/libraries/ALUController.sv
Searching for /users/ugrad/2017/fall/yubb/EECS112L/Labs/Lab4/Lab_Files/design/ALUController.sv
Searching for ./alu.sv
Searching for /ecelib/linware/synopsys15/dc/libraries/syn/alu.sv
Searching for /ecelib/linware/synopsys15/dc/packages/alu.sv
Searching for /ecelib/linware/synopsys15/dc/packages/IEEE/alu.sv
Searching for /users/ugrad2/2012/spring/pooriam/libraries/alu.sv
Searching for /users/ugrad/2017/fall/yubb/EECS112L/Labs/Lab4/Lab_Files/design/alu.sv
Searching for ./RegFile.sv
Searching for /ecelib/linware/synopsys15/dc/libraries/syn/RegFile.sv
Searching for /ecelib/linware/synopsys15/dc/packages/RegFile.sv
Searching for /ecelib/linware/synopsys15/dc/packages/IEEE/RegFile.sv
Searching for /users/ugrad2/2012/spring/pooriam/libraries/RegFile.sv
Searching for /users/ugrad/2017/fall/yubb/EECS112L/Labs/Lab4/Lab_Files/design/RegFile.sv
Searching for ./Controller.sv
Searching for /ecelib/linware/synopsys15/dc/libraries/syn/Controller.sv
Searching for /ecelib/linware/synopsys15/dc/packages/Controller.sv
Searching for /ecelib/linware/synopsys15/dc/packages/IEEE/Controller.sv
Searching for /users/ugrad2/2012/spring/pooriam/libraries/Controller.sv
Searching for /users/ugrad/2017/fall/yubb/EECS112L/Labs/Lab4/Lab_Files/design/Controller.sv
Searching for ./BranchUnit.sv
Searching for /ecelib/linware/synopsys15/dc/libraries/syn/BranchUnit.sv
Searching for /ecelib/linware/synopsys15/dc/packages/BranchUnit.sv
Searching for /ecelib/linware/synopsys15/dc/packages/IEEE/BranchUnit.sv
Searching for /users/ugrad2/2012/spring/pooriam/libraries/BranchUnit.sv
Searching for /users/ugrad/2017/fall/yubb/EECS112L/Labs/Lab4/Lab_Files/design/BranchUnit.sv
Searching for ./RegPack.sv
Searching for /ecelib/linware/synopsys15/dc/libraries/syn/RegPack.sv
Searching for /ecelib/linware/synopsys15/dc/packages/RegPack.sv
Searching for /ecelib/linware/synopsys15/dc/packages/IEEE/RegPack.sv
Searching for /users/ugrad2/2012/spring/pooriam/libraries/RegPack.sv
Searching for /users/ugrad/2017/fall/yubb/EECS112L/Labs/Lab4/Lab_Files/design/RegPack.sv
Searching for ./ForwardingUnit.sv
Searching for /ecelib/linware/synopsys15/dc/libraries/syn/ForwardingUnit.sv
Searching for /ecelib/linware/synopsys15/dc/packages/ForwardingUnit.sv
Searching for /ecelib/linware/synopsys15/dc/packages/IEEE/ForwardingUnit.sv
Searching for /users/ugrad2/2012/spring/pooriam/libraries/ForwardingUnit.sv
Searching for /users/ugrad/2017/fall/yubb/EECS112L/Labs/Lab4/Lab_Files/design/ForwardingUnit.sv
Searching for ./HazardDetection.sv
Searching for /ecelib/linware/synopsys15/dc/libraries/syn/HazardDetection.sv
Searching for /ecelib/linware/synopsys15/dc/packages/HazardDetection.sv
Searching for /ecelib/linware/synopsys15/dc/packages/IEEE/HazardDetection.sv
Searching for /users/ugrad2/2012/spring/pooriam/libraries/HazardDetection.sv
Searching for /users/ugrad/2017/fall/yubb/EECS112L/Labs/Lab4/Lab_Files/design/HazardDetection.sv
Searching for ./Datapath.sv
Searching for /ecelib/linware/synopsys15/dc/libraries/syn/Datapath.sv
Searching for /ecelib/linware/synopsys15/dc/packages/Datapath.sv
Searching for /ecelib/linware/synopsys15/dc/packages/IEEE/Datapath.sv
Searching for /users/ugrad2/2012/spring/pooriam/libraries/Datapath.sv
Searching for /users/ugrad/2017/fall/yubb/EECS112L/Labs/Lab4/Lab_Files/design/Datapath.sv
Searching for ./RISC_V.sv
Searching for /ecelib/linware/synopsys15/dc/libraries/syn/RISC_V.sv
Searching for /ecelib/linware/synopsys15/dc/packages/RISC_V.sv
Searching for /ecelib/linware/synopsys15/dc/packages/IEEE/RISC_V.sv
Searching for /users/ugrad2/2012/spring/pooriam/libraries/RISC_V.sv
Searching for /users/ugrad/2017/fall/yubb/EECS112L/Labs/Lab4/Lab_Files/design/RISC_V.sv
Compiling source file /users/ugrad/2017/fall/yubb/EECS112L/Labs/Lab4/Lab_Files/design/adder.sv
Compiling source file /users/ugrad/2017/fall/yubb/EECS112L/Labs/Lab4/Lab_Files/design/flopr.sv
Compiling source file /users/ugrad/2017/fall/yubb/EECS112L/Labs/Lab4/Lab_Files/design/imm_Gen.sv
Compiling source file /users/ugrad/2017/fall/yubb/EECS112L/Labs/Lab4/Lab_Files/design/mux2.sv
Compiling source file /users/ugrad/2017/fall/yubb/EECS112L/Labs/Lab4/Lab_Files/design/mux4.sv
Compiling source file /users/ugrad/2017/fall/yubb/EECS112L/Labs/Lab4/Lab_Files/design/datamemory.sv
Compiling source file /users/ugrad/2017/fall/yubb/EECS112L/Labs/Lab4/Lab_Files/design/instructionmemory.sv
Compiling source file /users/ugrad/2017/fall/yubb/EECS112L/Labs/Lab4/Lab_Files/design/ALUController.sv
Compiling source file /users/ugrad/2017/fall/yubb/EECS112L/Labs/Lab4/Lab_Files/design/alu.sv
Compiling source file /users/ugrad/2017/fall/yubb/EECS112L/Labs/Lab4/Lab_Files/design/RegFile.sv
Compiling source file /users/ugrad/2017/fall/yubb/EECS112L/Labs/Lab4/Lab_Files/design/Controller.sv
Compiling source file /users/ugrad/2017/fall/yubb/EECS112L/Labs/Lab4/Lab_Files/design/BranchUnit.sv
Compiling source file /users/ugrad/2017/fall/yubb/EECS112L/Labs/Lab4/Lab_Files/design/RegPack.sv
Warning:  /users/ugrad/2017/fall/yubb/EECS112L/Labs/Lab4/Lab_Files/design/RegPack.sv:1: The package Pipe_Buf_Reg_PKG has already been analyzed. It is being replaced. (VER-26)
Compiling source file /users/ugrad/2017/fall/yubb/EECS112L/Labs/Lab4/Lab_Files/design/ForwardingUnit.sv
Compiling source file /users/ugrad/2017/fall/yubb/EECS112L/Labs/Lab4/Lab_Files/design/HazardDetection.sv
Compiling source file /users/ugrad/2017/fall/yubb/EECS112L/Labs/Lab4/Lab_Files/design/Datapath.sv
Opening include file /users/ugrad/2017/fall/yubb/EECS112L/Labs/Lab4/Lab_Files/design/RegPack.sv
Error:  /users/ugrad/2017/fall/yubb/EECS112L/Labs/Lab4/Lab_Files/design/RegPack.sv:1: Package Pipe_Buf_Reg_PKG has already been used or declared during this command. (VER-27)
Warning:  /users/ugrad/2017/fall/yubb/EECS112L/Labs/Lab4/Lab_Files/design/RegPack.sv:1: The package Pipe_Buf_Reg_PKG has already been analyzed. It is being replaced. (VER-26)
Error:  Cannot recover from previous errors. (VER-518)
*** Presto compilation terminated with 2 errors. ***
Loading db file '/users/ugrad2/2012/spring/pooriam/libraries/saed32lvt_tt1p05vn40c.db'
Loading db file '/users/ugrad2/2012/spring/pooriam/libraries/saed32sram_tt1p05vn40c.db'
Loading db file '/ecelib/linware/synopsys15/dc/libraries/syn/dw_foundation.sldb'
0
0
